{"/home/lucas/Workspace/jsExpert6/server/config.js": {"path":"/home/lucas/Workspace/jsExpert6/server/config.js","statementMap":{"0":{"start":{"line":4,"column":19},"end":{"line":4,"column":58}},"1":{"start":{"line":5,"column":13},"end":{"line":5,"column":36}},"2":{"start":{"line":7,"column":23},"end":{"line":7,"column":42}},"3":{"start":{"line":8,"column":24},"end":{"line":8,"column":44}}},"fnMap":{},"branchMap":{"0":{"loc":{"start":{"line":11,"column":8},"end":{"line":11,"column":32}},"type":"binary-expr","locations":[{"start":{"line":11,"column":8},"end":{"line":11,"column":24}},{"start":{"line":11,"column":28},"end":{"line":11,"column":32}}],"line":11}},"s":{"0":1,"1":1,"2":1,"3":1},"f":{},"b":{"0":[1,1]},"_coverageSchema":"1a1c01bbd47fc00a2c39e90264f33305004495a9","hash":"058cbd31891fec25295c708d13982092929f9116"}
,"/home/lucas/Workspace/jsExpert6/server/controller.js": {"path":"/home/lucas/Workspace/jsExpert6/server/controller.js","statementMap":{"0":{"start":{"line":5,"column":4},"end":{"line":5,"column":32}},"1":{"start":{"line":9,"column":4},"end":{"line":9,"column":47}}},"fnMap":{"0":{"name":"(anonymous_0)","decl":{"start":{"line":4,"column":2},"end":{"line":4,"column":3}},"loc":{"start":{"line":4,"column":16},"end":{"line":6,"column":3}},"line":4},"1":{"name":"(anonymous_1)","decl":{"start":{"line":8,"column":2},"end":{"line":8,"column":3}},"loc":{"start":{"line":8,"column":32},"end":{"line":10,"column":3}},"line":8}},"branchMap":{},"s":{"0":1,"1":1},"f":{"0":1,"1":1},"b":{},"_coverageSchema":"1a1c01bbd47fc00a2c39e90264f33305004495a9","hash":"0af36c9e95328f90a44307d7cf8f03ebc349501a"}
,"/home/lucas/Workspace/jsExpert6/server/routes.js": {"path":"/home/lucas/Workspace/jsExpert6/server/routes.js","statementMap":{"0":{"start":{"line":14,"column":4},"end":{"line":14,"column":10}},"1":{"start":{"line":16,"column":19},"end":{"line":16,"column":35}},"2":{"start":{"line":18,"column":21},"end":{"line":51,"column":1}},"3":{"start":{"line":21,"column":6},"end":{"line":23,"column":8}},"4":{"start":{"line":25,"column":6},"end":{"line":25,"column":27}},"5":{"start":{"line":28,"column":25},"end":{"line":28,"column":65}},"6":{"start":{"line":30,"column":6},"end":{"line":30,"column":34}},"7":{"start":{"line":33,"column":25},"end":{"line":33,"column":71}},"8":{"start":{"line":35,"column":6},"end":{"line":35,"column":34}},"9":{"start":{"line":38,"column":31},"end":{"line":38,"column":66}},"10":{"start":{"line":40,"column":26},"end":{"line":40,"column":44}},"11":{"start":{"line":42,"column":6},"end":{"line":46,"column":7}},"12":{"start":{"line":43,"column":8},"end":{"line":45,"column":10}},"13":{"start":{"line":48,"column":6},"end":{"line":48,"column":34}},"14":{"start":{"line":55,"column":26},"end":{"line":55,"column":33}},"15":{"start":{"line":57,"column":25},"end":{"line":57,"column":45}},"16":{"start":{"line":59,"column":25},"end":{"line":61,"column":10}},"17":{"start":{"line":63,"column":2},"end":{"line":63,"column":51}},"18":{"start":{"line":64,"column":2},"end":{"line":66,"column":3}},"19":{"start":{"line":65,"column":4},"end":{"line":65,"column":44}},"20":{"start":{"line":68,"column":2},"end":{"line":68,"column":25}},"21":{"start":{"line":69,"column":2},"end":{"line":69,"column":23}},"22":{"start":{"line":73,"column":2},"end":{"line":77,"column":3}},"23":{"start":{"line":74,"column":4},"end":{"line":74,"column":49}},"24":{"start":{"line":75,"column":4},"end":{"line":75,"column":27}},"25":{"start":{"line":76,"column":4},"end":{"line":76,"column":25}},"26":{"start":{"line":79,"column":2},"end":{"line":79,"column":52}},"27":{"start":{"line":80,"column":2},"end":{"line":80,"column":25}},"28":{"start":{"line":81,"column":2},"end":{"line":81,"column":23}},"29":{"start":{"line":85,"column":2},"end":{"line":86,"column":49}},"30":{"start":{"line":86,"column":20},"end":{"line":86,"column":48}}},"fnMap":{"0":{"name":"(anonymous_0)","decl":{"start":{"line":20,"column":9},"end":{"line":20,"column":10}},"loc":{"start":{"line":20,"column":32},"end":{"line":26,"column":5}},"line":20},"1":{"name":"(anonymous_1)","decl":{"start":{"line":27,"column":13},"end":{"line":27,"column":14}},"loc":{"start":{"line":27,"column":42},"end":{"line":31,"column":5}},"line":27},"2":{"name":"(anonymous_2)","decl":{"start":{"line":32,"column":19},"end":{"line":32,"column":20}},"loc":{"start":{"line":32,"column":48},"end":{"line":36,"column":5}},"line":32},"3":{"name":"(anonymous_3)","decl":{"start":{"line":37,"column":15},"end":{"line":37,"column":16}},"loc":{"start":{"line":37,"column":50},"end":{"line":49,"column":5}},"line":37},"4":{"name":"routes","decl":{"start":{"line":54,"column":15},"end":{"line":54,"column":21}},"loc":{"start":{"line":54,"column":41},"end":{"line":70,"column":1}},"line":54},"5":{"name":"handleError","decl":{"start":{"line":72,"column":9},"end":{"line":72,"column":20}},"loc":{"start":{"line":72,"column":38},"end":{"line":82,"column":1}},"line":72},"6":{"name":"handler","decl":{"start":{"line":84,"column":16},"end":{"line":84,"column":23}},"loc":{"start":{"line":84,"column":43},"end":{"line":87,"column":1}},"line":84},"7":{"name":"(anonymous_7)","decl":{"start":{"line":86,"column":11},"end":{"line":86,"column":12}},"loc":{"start":{"line":86,"column":20},"end":{"line":86,"column":48}},"line":86}},"branchMap":{"0":{"loc":{"start":{"line":42,"column":6},"end":{"line":46,"column":7}},"type":"if","locations":[{"start":{"line":42,"column":6},"end":{"line":46,"column":7}},{"start":{},"end":{}}],"line":42},"1":{"loc":{"start":{"line":59,"column":25},"end":{"line":61,"column":10}},"type":"cond-expr","locations":[{"start":{"line":60,"column":6},"end":{"line":60,"column":54}},{"start":{"line":61,"column":6},"end":{"line":61,"column":10}}],"line":59},"2":{"loc":{"start":{"line":60,"column":6},"end":{"line":60,"column":54}},"type":"binary-expr","locations":[{"start":{"line":60,"column":6},"end":{"line":60,"column":25}},{"start":{"line":60,"column":29},"end":{"line":60,"column":54}}],"line":60},"3":{"loc":{"start":{"line":64,"column":2},"end":{"line":66,"column":3}},"type":"if","locations":[{"start":{"line":64,"column":2},"end":{"line":66,"column":3}},{"start":{},"end":{}}],"line":64},"4":{"loc":{"start":{"line":73,"column":2},"end":{"line":77,"column":3}},"type":"if","locations":[{"start":{"line":73,"column":2},"end":{"line":77,"column":3}},{"start":{},"end":{}}],"line":73}},"s":{"0":1,"1":1,"2":1,"3":1,"4":1,"5":1,"6":1,"7":1,"8":1,"9":5,"10":2,"11":2,"12":1,"13":2,"14":9,"15":9,"16":9,"17":9,"18":9,"19":8,"20":1,"21":1,"22":3,"23":2,"24":2,"25":2,"26":1,"27":1,"28":1,"29":9,"30":3},"f":{"0":1,"1":1,"2":1,"3":5,"4":9,"5":3,"6":9,"7":3},"b":{"0":[1,1],"1":[8,1],"2":[8,5],"3":[8,1],"4":[2,1]},"_coverageSchema":"1a1c01bbd47fc00a2c39e90264f33305004495a9","hash":"f5bb7d13916826d5da20f79321f2c265300e5b40"}
,"/home/lucas/Workspace/jsExpert6/server/service.js": {"path":"/home/lucas/Workspace/jsExpert6/server/service.js","statementMap":{"0":{"start":{"line":11,"column":4},"end":{"line":11,"column":10}},"1":{"start":{"line":15,"column":4},"end":{"line":15,"column":40}},"2":{"start":{"line":19,"column":25},"end":{"line":19,"column":52}},"3":{"start":{"line":22,"column":4},"end":{"line":22,"column":41}},"4":{"start":{"line":24,"column":21},"end":{"line":24,"column":42}},"5":{"start":{"line":26,"column":4},"end":{"line":29,"column":5}},"6":{"start":{"line":33,"column":27},"end":{"line":33,"column":55}},"7":{"start":{"line":35,"column":4},"end":{"line":38,"column":5}}},"fnMap":{"0":{"name":"(anonymous_0)","decl":{"start":{"line":14,"column":2},"end":{"line":14,"column":3}},"loc":{"start":{"line":14,"column":29},"end":{"line":16,"column":3}},"line":14},"1":{"name":"(anonymous_1)","decl":{"start":{"line":18,"column":2},"end":{"line":18,"column":3}},"loc":{"start":{"line":18,"column":26},"end":{"line":30,"column":3}},"line":18},"2":{"name":"(anonymous_2)","decl":{"start":{"line":32,"column":2},"end":{"line":32,"column":3}},"loc":{"start":{"line":32,"column":28},"end":{"line":39,"column":3}},"line":32}},"branchMap":{},"s":{"0":1,"1":0,"2":1,"3":1,"4":0,"5":0,"6":1,"7":0},"f":{"0":0,"1":1,"2":1},"b":{},"_coverageSchema":"1a1c01bbd47fc00a2c39e90264f33305004495a9","hash":"3b5654b86d2b0ca3e72241061230f67087f53db1"}
,"/home/lucas/Workspace/jsExpert6/server/util.js": {"path":"/home/lucas/Workspace/jsExpert6/server/util.js","statementMap":{"0":{"start":{"line":3,"column":12},"end":{"line":11,"column":2}},"1":{"start":{"line":13,"column":22},"end":{"line":13,"column":25}}},"fnMap":{},"branchMap":{},"s":{"0":1,"1":1},"f":{},"b":{},"_coverageSchema":"1a1c01bbd47fc00a2c39e90264f33305004495a9","hash":"7ab9f4952b110b6862abc6d32fc345f6afc9a44e"}
,"/home/lucas/Workspace/jsExpert6/tests/unit/_util/testUtill.js": {"path":"/home/lucas/Workspace/jsExpert6/tests/unit/_util/testUtill.js","statementMap":{"0":{"start":{"line":7,"column":4},"end":{"line":15,"column":6}},"1":{"start":{"line":9,"column":8},"end":{"line":11,"column":9}},"2":{"start":{"line":10,"column":10},"end":{"line":10,"column":25}},"3":{"start":{"line":13,"column":8},"end":{"line":13,"column":23}},"4":{"start":{"line":19,"column":4},"end":{"line":25,"column":6}},"5":{"start":{"line":21,"column":8},"end":{"line":21,"column":21}},"6":{"start":{"line":23,"column":8},"end":{"line":23,"column":23}},"7":{"start":{"line":30,"column":26},"end":{"line":30,"column":59}},"8":{"start":{"line":31,"column":27},"end":{"line":31,"column":69}},"9":{"start":{"line":33,"column":17},"end":{"line":43,"column":5}},"10":{"start":{"line":45,"column":4},"end":{"line":48,"column":5}},"11":{"start":{"line":46,"column":20},"end":{"line":46,"column":39}}},"fnMap":{"0":{"name":"(anonymous_0)","decl":{"start":{"line":6,"column":2},"end":{"line":6,"column":3}},"loc":{"start":{"line":6,"column":38},"end":{"line":16,"column":3}},"line":6},"1":{"name":"(anonymous_1)","decl":{"start":{"line":8,"column":6},"end":{"line":8,"column":7}},"loc":{"start":{"line":8,"column":13},"end":{"line":14,"column":7}},"line":8},"2":{"name":"(anonymous_2)","decl":{"start":{"line":18,"column":2},"end":{"line":18,"column":3}},"loc":{"start":{"line":18,"column":40},"end":{"line":26,"column":3}},"line":18},"3":{"name":"(anonymous_3)","decl":{"start":{"line":20,"column":6},"end":{"line":20,"column":7}},"loc":{"start":{"line":20,"column":33},"end":{"line":24,"column":7}},"line":20},"4":{"name":"(anonymous_4)","decl":{"start":{"line":29,"column":2},"end":{"line":29,"column":3}},"loc":{"start":{"line":29,"column":31},"end":{"line":49,"column":3}},"line":29},"5":{"name":"(anonymous_5)","decl":{"start":{"line":31,"column":59},"end":{"line":31,"column":60}},"loc":{"start":{"line":31,"column":65},"end":{"line":31,"column":68}},"line":31},"6":{"name":"(anonymous_6)","decl":{"start":{"line":46,"column":14},"end":{"line":46,"column":15}},"loc":{"start":{"line":46,"column":20},"end":{"line":46,"column":39}},"line":46}},"branchMap":{},"s":{"0":13,"1":0,"2":0,"3":0,"4":9,"5":0,"6":0,"7":9,"8":9,"9":9,"10":9,"11":9},"f":{"0":13,"1":0,"2":9,"3":0,"4":9,"5":0,"6":9},"b":{},"_coverageSchema":"1a1c01bbd47fc00a2c39e90264f33305004495a9","hash":"c39ba291344f7eb3469e984dcdd8764be6db3e6e"}
}
