TN:
SF:server/config.js
FNF:0
FNH:0
DA:4,1
DA:5,1
DA:7,1
DA:8,1
LF:4
LH:4
BRDA:11,0,0,1
BRDA:11,0,1,1
BRF:2
BRH:2
end_of_record
TN:
SF:server/controller.js
FN:4,(anonymous_0)
FN:8,(anonymous_1)
FNF:2
FNH:2
FNDA:1,(anonymous_0)
FNDA:1,(anonymous_1)
DA:5,1
DA:9,1
LF:2
LH:2
BRF:0
BRH:0
end_of_record
TN:
SF:server/routes.js
FN:20,(anonymous_0)
FN:27,(anonymous_1)
FN:32,(anonymous_2)
FN:37,(anonymous_3)
FN:54,routes
FN:72,handleError
FN:84,handler
FN:86,(anonymous_7)
FNF:8
FNH:8
FNDA:1,(anonymous_0)
FNDA:1,(anonymous_1)
FNDA:1,(anonymous_2)
FNDA:5,(anonymous_3)
FNDA:9,routes
FNDA:3,handleError
FNDA:9,handler
FNDA:3,(anonymous_7)
DA:14,1
DA:16,1
DA:18,1
DA:21,1
DA:25,1
DA:28,1
DA:30,1
DA:33,1
DA:35,1
DA:38,5
DA:40,2
DA:42,2
DA:43,1
DA:48,2
DA:55,9
DA:57,9
DA:59,9
DA:63,9
DA:64,9
DA:65,8
DA:68,1
DA:69,1
DA:73,3
DA:74,2
DA:75,2
DA:76,2
DA:79,1
DA:80,1
DA:81,1
DA:85,9
DA:86,3
LF:31
LH:31
BRDA:42,0,0,1
BRDA:42,0,1,1
BRDA:59,1,0,8
BRDA:59,1,1,1
BRDA:60,2,0,8
BRDA:60,2,1,5
BRDA:64,3,0,8
BRDA:64,3,1,1
BRDA:73,4,0,2
BRDA:73,4,1,1
BRF:10
BRH:10
end_of_record
TN:
SF:server/service.js
FN:14,(anonymous_0)
FN:18,(anonymous_1)
FN:32,(anonymous_2)
FNF:3
FNH:2
FNDA:0,(anonymous_0)
FNDA:1,(anonymous_1)
FNDA:1,(anonymous_2)
DA:11,1
DA:15,0
DA:19,1
DA:22,1
DA:24,0
DA:26,0
DA:33,1
DA:35,0
LF:8
LH:4
BRF:0
BRH:0
end_of_record
TN:
SF:server/util.js
FNF:0
FNH:0
DA:3,1
DA:13,1
LF:2
LH:2
BRF:0
BRH:0
end_of_record
TN:
SF:tests/unit/_util/testUtill.js
FN:6,(anonymous_0)
FN:8,(anonymous_1)
FN:18,(anonymous_2)
FN:20,(anonymous_3)
FN:29,(anonymous_4)
FN:31,(anonymous_5)
FN:46,(anonymous_6)
FNF:7
FNH:4
FNDA:13,(anonymous_0)
FNDA:0,(anonymous_1)
FNDA:9,(anonymous_2)
FNDA:0,(anonymous_3)
FNDA:9,(anonymous_4)
FNDA:0,(anonymous_5)
FNDA:9,(anonymous_6)
DA:7,13
DA:9,0
DA:10,0
DA:13,0
DA:19,9
DA:21,0
DA:23,0
DA:30,9
DA:31,9
DA:33,9
DA:45,9
DA:46,9
LF:12
LH:7
BRF:0
BRH:0
end_of_record
